<?xml version="1.0" encoding="UTF-8"?>
<robot generator="Robot 4.0.3 (Python 3.7.3 on win32)" generated="20210706 13:21:21.244" rpa="false" schemaversion="2">
<suite id="s1" name="Demo" source="E:\DemoBook\Tests\demo.robot">
<kw name="User is allowed to Open India Bookstore" type="SETUP">
<kw name="Open Browser" library="SeleniumLibrary">
<arg>${url}</arg>
<arg>${browser}</arg>
<doc>Opens a new browser instance to the optional ``url``.</doc>
<msg timestamp="20210706 13:21:21.669" level="INFO">Opening browser 'gc' to base url 'https://www.bookswagon.com/'.</msg>
<kw name="Capture Page Screenshot" library="SeleniumLibrary">
<doc>Takes a screenshot of the current page and embeds it into a log file.</doc>
<msg timestamp="20210706 13:21:21.675" level="INFO">Cannot capture screenshot because no browser is open.</msg>
<status status="PASS" starttime="20210706 13:21:21.674" endtime="20210706 13:21:21.675"/>
</kw>
<msg timestamp="20210706 13:21:21.875" level="FAIL">WebDriverException: Message: 'chromedriver' executable needs to be in PATH. Please see https://sites.google.com/a/chromium.org/chromedriver/home
</msg>
<status status="FAIL" starttime="20210706 13:21:21.668" endtime="20210706 13:21:21.875"/>
</kw>
<kw name="Maximize Browser Window" library="SeleniumLibrary">
<doc>Maximizes current browser window.</doc>
<status status="NOT RUN" starttime="20210706 13:21:21.875" endtime="20210706 13:21:21.876"/>
</kw>
<status status="FAIL" starttime="20210706 13:21:21.668" endtime="20210706 13:21:21.876"/>
</kw>
<test id="s1-t1" name="Verify Book selected from fiction">
<tag>demo</tag>
<status status="FAIL" starttime="20210706 13:21:21.876" endtime="20210706 13:21:21.878">Parent suite setup failed:
WebDriverException: Message: 'chromedriver' executable needs to be in PATH. Please see https://sites.google.com/a/chromium.org/chromedriver/home
</status>
</test>
<kw name="Close my Browser" type="TEARDOWN">
<kw name="Close Browser" library="SeleniumLibrary">
<doc>Closes the current browser.</doc>
<status status="PASS" starttime="20210706 13:21:21.882" endtime="20210706 13:21:21.882"/>
</kw>
<status status="PASS" starttime="20210706 13:21:21.881" endtime="20210706 13:21:21.895"/>
</kw>
<status status="FAIL" starttime="20210706 13:21:21.248" endtime="20210706 13:21:21.895">Suite setup failed:
WebDriverException: Message: 'chromedriver' executable needs to be in PATH. Please see https://sites.google.com/a/chromium.org/chromedriver/home
</status>
</suite>
<statistics>
<total>
<stat pass="0" fail="1" skip="0">All Tests</stat>
</total>
<tag>
<stat pass="0" fail="1" skip="0">demo</stat>
</tag>
<suite>
<stat pass="0" fail="1" skip="0" id="s1" name="Demo">Demo</stat>
</suite>
</statistics>
<errors>
</errors>
</robot>
